2024-12-15 14:44:54,783 - WARNING - From C:\Users\Babbadi_vyas\Documents\data_Science project\venv\lib\site-packages\tf_keras\src\losses.py:2976: The name tf.losses.sparse_softmax_cross_entropy is deprecated. Please use tf.compat.v1.losses.sparse_softmax_cross_entropy instead.

2024-12-15 14:44:55,349 - INFO - Database tables created successfully at C:\Users\Babbadi_vyas\Documents\data_Science project\article_analysis.db
2024-12-15 14:44:55,958 - INFO - HTTP Request: GET http://127.0.0.1:7868/gradio_api/startup-events "HTTP/1.1 200 OK"
2024-12-15 14:44:55,977 - INFO - HTTP Request: HEAD http://127.0.0.1:7868/ "HTTP/1.1 200 OK"
2024-12-15 14:44:56,797 - INFO - HTTP Request: GET https://api.gradio.app/pkg-version "HTTP/1.1 200 OK"
2024-12-15 14:45:32,506 - INFO - Scraping article from URL: https://www.bbc.com/news/articles/c5ygejxej28o
2024-12-15 14:45:32,839 - INFO - Extracting named entities.
2024-12-15 14:45:33,140 - INFO - Performing sentiment analysis.
2024-12-15 14:45:33,242 - INFO - Sentiment result: negative
2024-12-15 14:45:33,242 - INFO - Attempting to insert article: https://www.bbc.com/news/articles/c5ygejxej28o
2024-12-15 14:45:33,242 - INFO - Title length: 59
2024-12-15 14:45:33,242 - INFO - Content length: 12120
2024-12-15 14:45:33,242 - INFO - Entities count: 72
2024-12-15 14:45:33,243 - INFO - Sentiment: negative
2024-12-15 14:45:33,245 - INFO - Article inserted with ID: 2
2024-12-15 14:45:33,246 - INFO - Inserted 72 entities
2024-12-15 14:45:33,246 - INFO - Sentiment inserted
2024-12-15 14:45:33,250 - INFO - Article analysis stored with ID: 2
2024-12-15 14:46:35,508 - INFO - Found existing analysis for URL: https://www.bbc.com/news/articles/c5ygejxej28o
2024-12-15 14:51:43,520 - INFO - Scraping article from URL: https://www.bbc.com/news/articles/czd436v35v1o
2024-12-15 14:51:45,317 - INFO - Extracting named entities.
2024-12-15 14:51:45,756 - INFO - Performing sentiment analysis.
2024-12-15 14:51:45,872 - INFO - Sentiment result: negative
2024-12-15 14:51:45,873 - INFO - Attempting to insert article: https://www.bbc.com/news/articles/czd436v35v1o
2024-12-15 14:51:45,873 - INFO - Title length: 73
2024-12-15 14:51:45,873 - INFO - Content length: 5562
2024-12-15 14:51:45,873 - INFO - Entities count: 20
2024-12-15 14:51:45,873 - INFO - Sentiment: negative
2024-12-15 14:51:45,874 - INFO - Article inserted with ID: 3
2024-12-15 14:51:45,875 - INFO - Inserted 20 entities
2024-12-15 14:51:45,875 - INFO - Sentiment inserted
2024-12-15 14:51:45,878 - INFO - Article analysis stored with ID: 3
2024-12-15 21:57:23,948 - INFO - Database tables created successfully at C:\Users\Babbadi_vyas\Documents\data_Science project\article_analysis.db
2024-12-15 21:57:25,034 - INFO - HTTP Request: GET http://127.0.0.1:7860/gradio_api/startup-events "HTTP/1.1 200 OK"
2024-12-15 21:57:25,250 - INFO - HTTP Request: HEAD http://127.0.0.1:7860/ "HTTP/1.1 200 OK"
2024-12-15 21:57:25,318 - INFO - HTTP Request: GET https://api.gradio.app/pkg-version "HTTP/1.1 200 OK"
2024-12-15 21:57:52,699 - INFO - Scraping article from URL: https://www.bbc.com/news/articles/c8dq6q0m862o
2024-12-15 21:57:53,238 - INFO - Extracting named entities.
2024-12-15 21:57:53,993 - INFO - Performing sentiment analysis.
2024-12-15 21:57:53,994 - INFO - Sentiment result: neutral
2024-12-15 21:57:54,004 - INFO - Attempting to insert article: https://www.bbc.com/news/articles/c8dq6q0m862o
2024-12-15 21:57:54,010 - INFO - Title length: 44
2024-12-15 21:57:54,011 - INFO - Content length: 3865
2024-12-15 21:57:54,011 - INFO - Entities count: 14
2024-12-15 21:57:54,011 - INFO - Sentiment: neutral
2024-12-15 21:57:54,026 - INFO - Article inserted with ID: 4
2024-12-15 21:57:54,027 - INFO - Inserted 14 entities
2024-12-15 21:57:54,027 - INFO - Sentiment inserted
2024-12-15 21:57:54,036 - INFO - Article analysis stored with ID: 4
2024-12-15 23:25:00,354 - INFO - Database tables created successfully at C:\Users\Babbadi_vyas\Documents\data_Science project\article_analysis.db
2024-12-15 23:25:00,864 - INFO - HTTP Request: GET http://127.0.0.1:7860/gradio_api/startup-events "HTTP/1.1 200 OK"
2024-12-15 23:25:00,916 - INFO - HTTP Request: HEAD http://127.0.0.1:7860/ "HTTP/1.1 200 OK"
2024-12-15 23:25:02,441 - INFO - HTTP Request: GET https://api.gradio.app/pkg-version "HTTP/1.1 200 OK"
2024-12-15 23:29:32,410 - INFO - Scraping article from URL: https://www.bbc.com/news/articles/ce90x283rv7o
2024-12-15 23:29:32,729 - INFO - Extracting named entities.
2024-12-15 23:29:33,313 - INFO - Performing sentiment analysis.
2024-12-15 23:29:33,314 - INFO - Sentiment result: neutral
2024-12-15 23:29:33,315 - INFO - Attempting to insert article: https://www.bbc.com/news/articles/ce90x283rv7o
2024-12-15 23:29:33,316 - INFO - Title length: 57
2024-12-15 23:29:33,316 - INFO - Content length: 4800
2024-12-15 23:29:33,316 - INFO - Entities count: 33
2024-12-15 23:29:33,317 - INFO - Sentiment: neutral
2024-12-15 23:29:33,325 - INFO - Article inserted with ID: 5
2024-12-15 23:29:33,327 - INFO - Inserted 33 entities
2024-12-15 23:29:33,327 - INFO - Sentiment inserted
2024-12-15 23:29:33,337 - INFO - Article analysis stored with ID: 5
2024-12-15 23:40:03,311 - INFO - Found existing analysis for URL: https://www.bbc.com/news/articles/ce90x283rv7o
2024-12-15 23:43:02,362 - INFO - Found existing analysis for URL: https://www.bbc.com/news/articles/ce90x283rv7o
2024-12-16 00:57:53,778 - INFO - Database tables created successfully at C:\Users\Babbadi_vyas\Documents\data_Science project\article_analysis.db
2024-12-16 00:57:54,127 - INFO - HTTP Request: GET http://127.0.0.1:7861/gradio_api/startup-events "HTTP/1.1 200 OK"
2024-12-16 00:57:54,161 - INFO - HTTP Request: HEAD http://127.0.0.1:7861/ "HTTP/1.1 200 OK"
2024-12-16 00:57:55,312 - INFO - HTTP Request: GET https://api.gradio.app/pkg-version "HTTP/1.1 200 OK"
2024-12-16 00:58:15,606 - INFO - Found existing analysis for URL: https://www.bbc.com/news/articles/ce90x283rv7o
2024-12-16 01:44:19,851 - INFO - Database tables created successfully at C:\Users\Babbadi_vyas\Documents\data_Science project\article_analysis.db
2024-12-16 01:44:20,456 - INFO - HTTP Request: GET http://127.0.0.1:7860/gradio_api/startup-events "HTTP/1.1 200 OK"
2024-12-16 01:44:20,867 - INFO - HTTP Request: HEAD http://127.0.0.1:7860/ "HTTP/1.1 200 OK"
2024-12-16 01:44:21,132 - INFO - HTTP Request: GET https://api.gradio.app/pkg-version "HTTP/1.1 200 OK"
